<?xml version="1.0" encoding="UTF-8"?>
<!-- Generated by org.testng.reporters.JUnitReportReporter -->
<testsuite hostname="DESKTOP-O6EPDM7" failures="0" tests="1" name="testrun.testcase1" time="4.000" errors="0" timestamp="2022-08-12T10:32:25 AEST" skipped="0">
  <testcase classname="testrun.testcase1" name="tc1" time="4.000"/>
  <system-out/>
</testsuite> <!-- testrun.testcase1 -->
