<?xml version="1.0" encoding="UTF-8"?>
<!-- Generated by org.testng.reporters.JUnitReportReporter -->
<testsuite skipped="0" hostname="DESKTOP-O6EPDM7" name="testrun.testcase1" tests="1" failures="0" timestamp="2022-08-12T11:21:10 AEST" time="4.325" errors="0">
  <testcase name="tc1" time="4.325" classname="testrun.testcase1"/>
  <system-out/>
</testsuite> <!-- testrun.testcase1 -->
